#
# A fatal error has been detected by the Java Runtime Environment:
#
#  EXCEPTION_ACCESS_VIOLATION (0xc0000005) at pc=0x000000005b99f6df, pid=8200, tid=0x0000000000001c58
#
# JRE version: Java(TM) SE Runtime Environment (8.0_141-b15) (build 1.8.0_141-b15)
# Java VM: Java HotSpot(TM) 64-Bit Server VM (25.141-b15 mixed mode windows-amd64 compressed oops)
# Problematic frame:
# V  [jvm.dll+0x10f6df]
#
# Failed to write core dump. Minidumps are not enabled by default on client versions of Windows
#
# If you would like to submit a bug report, please visit:
#   http://bugreport.java.com/bugreport/crash.jsp
#

---------------  T H R E A D  ---------------

Current thread (0x0000000001cad000):  JavaThread "main" [_thread_in_vm, id=7256, stack(0x0000000002430000,0x0000000002530000)]

siginfo: ExceptionCode=0xc0000005, reading address 0x00000000044c4cc0

Registers:
RAX=0x00000000044c4a20, RBX=0x0000000000000000, RCX=0x000000000000004a, RDX=0x0000000000000003
RSP=0x000000000252ddc8, RBP=0x00000000244c4f48, RSI=0x0000000000000008, RDI=0x000000001f119f80
R8 =0x0000000000000002, R9 =0x0000000000000002, R10=0x00000000244c4f60, R11=0x00000000244c55b0
R12=0x000000001e7d83b0, R13=0x00000007c05964c8, R14=0x000000001e7d83b0, R15=0x000000001f119f80
RIP=0x000000005b99f6df, EFLAGS=0x0000000000010202

Top of Stack: (sp=0x000000000252ddc8)
0x000000000252ddc8:   0000000001cad000 000000000252e020
0x000000000252ddd8:   000000005b94dc9d 0000000000000001
0x000000000252dde8:   000000000252df40 0000000001cad000
0x000000000252ddf8:   000000000252de80 0000000001cad000
0x000000000252de08:   0000000001cad000 000000000252e220
0x000000000252de18:   000000001f119f80 0000000001cad000
0x000000000252de28:   00000007c05964c8 0000000001cad000
0x000000000252de38:   000000005b9523be 000000000252df50
0x000000000252de48:   00000007c05964c8 000000000252e020
0x000000000252de58:   0000000000000001 0000000001cad000
0x000000000252de68:   0000000001dce840 0000000001dce270
0x000000000252de78:   0000000001dce288 0000000000000000
0x000000000252de88:   0000000000000000 000000000252fa28
0x000000000252de98:   000000005bac6763 0000000024490e08
0x000000000252dea8:   0000000001cad000 00000000240ea290
0x000000000252deb8:   000000005bac6763 000000000252e1d0 

Instructions: (pc=0x000000005b99f6df)
0x000000005b99f6bf:   c9 78 51 4e 8d 54 c5 08 66 0f 1f 84 00 00 00 00
0x000000005b99f6cf:   00 4d 8b 1a 49 8b 43 08 0f b7 48 22 48 8b 40 08
0x000000005b99f6df:   48 39 7c c8 50 75 2d 49 8b 43 08 0f b7 48 24 48
0x000000005b99f6ef:   8b 40 08 4c 39 64 c8 50 75 0e 84 db 74 7d 49 8b 


Register to memory mapping:

RAX=0x00000000044c4a20 is an unknown value
RBX=0x0000000000000000 is an unknown value
RCX=0x000000000000004a is an unknown value
RDX=0x0000000000000003 is an unknown value
RSP=0x000000000252ddc8 is pointing into the stack for thread: 0x0000000001cad000
RBP=0x00000000244c4f48 is pointing into metadata
RSI=0x0000000000000008 is an unknown value
RDI=0x000000001f119f80 is an unknown value
R8 =0x0000000000000002 is an unknown value
R9 =0x0000000000000002 is an unknown value
R10=0x00000000244c4f60 is pointing into metadata
R11={method} {0x00000000244c55b8} 
[error occurred during error reporting (printing register info), id 0xc0000005]

Stack: [0x0000000002430000,0x0000000002530000],  sp=0x000000000252ddc8,  free space=1015k
Native frames: (J=compiled Java code, j=interpreted, Vv=VM code, C=native code)
V  [jvm.dll+0x10f6df]
V  [jvm.dll+0xbdc9d]
V  [jvm.dll+0xc23be]
V  [jvm.dll+0xc36f7]
V  [jvm.dll+0xc3f3a]
V  [jvm.dll+0xc44cf]
V  [jvm.dll+0xbc703]
C  0x00000000028245de

Java frames: (J=compiled Java code, j=interpreted, Vv=VM code)
j  org.hibernate.tool.schema.internal.AbstractSchemaMigrator.determineUniqueConstraintSchemaUpdateStrategy(Lorg/hibernate/boot/Metadata;)Lorg/hibernate/tool/hbm2ddl/UniqueConstraintSchemaUpdateStrategy;+31
j  org.hibernate.tool.schema.internal.AbstractSchemaMigrator.applyUniqueKeys(Lorg/hibernate/mapping/Table;Lorg/hibernate/tool/schema/extract/spi/TableInformation;Lorg/hibernate/dialect/Dialect;Lorg/hibernate/boot/Metadata;Lorg/hibernate/engine/jdbc/internal/Formatter;Lorg/hibernate/tool/schema/spi/ExecutionOptions;[Lorg/hibernate/tool/schema/internal/exec/GenerationTarget;)V+11
j  org.hibernate.tool.schema.internal.GroupedSchemaMigratorImpl.performTablesMigration(Lorg/hibernate/boot/Metadata;Lorg/hibernate/tool/schema/extract/spi/DatabaseInformation;Lorg/hibernate/tool/schema/spi/ExecutionOptions;Lorg/hibernate/dialect/Dialect;Lorg/hibernate/engine/jdbc/internal/Formatter;Ljava/util/Set;ZZLjava/util/Set;Lorg/hibernate/boot/model/relational/Namespace;[Lorg/hibernate/tool/schema/internal/exec/GenerationTarget;)Lorg/hibernate/tool/schema/extract/spi/NameSpaceTablesInformation;+317
j  org.hibernate.tool.schema.internal.AbstractSchemaMigrator.performMigration(Lorg/hibernate/boot/Metadata;Lorg/hibernate/tool/schema/extract/spi/DatabaseInformation;Lorg/hibernate/tool/schema/spi/ExecutionOptions;Lorg/hibernate/dialect/Dialect;[Lorg/hibernate/tool/schema/internal/exec/GenerationTarget;)V+309
j  org.hibernate.tool.schema.internal.AbstractSchemaMigrator.doMigration(Lorg/hibernate/boot/Metadata;Lorg/hibernate/tool/schema/spi/ExecutionOptions;Lorg/hibernate/tool/schema/spi/TargetDescriptor;)V+135
j  org.hibernate.tool.schema.spi.SchemaManagementToolCoordinator.performDatabaseAction(Lorg/hibernate/tool/schema/Action;Lorg/hibernate/boot/Metadata;Lorg/hibernate/tool/schema/spi/SchemaManagementTool;Lorg/hibernate/service/ServiceRegistry;Lorg/hibernate/tool/schema/spi/ExecutionOptions;)V+255
j  org.hibernate.tool.schema.spi.SchemaManagementToolCoordinator.process(Lorg/hibernate/boot/Metadata;Lorg/hibernate/service/ServiceRegistry;Ljava/util/Map;Lorg/hibernate/tool/schema/spi/DelayedDropRegistry;)V+131
j  org.hibernate.internal.SessionFactoryImpl.<init>(Lorg/hibernate/boot/spi/BootstrapContext;Lorg/hibernate/boot/spi/MetadataImplementor;Lorg/hibernate/boot/spi/SessionFactoryOptions;)V+711
j  org.hibernate.boot.internal.SessionFactoryBuilderImpl.build()Lorg/hibernate/SessionFactory;+25
j  org.hibernate.jpa.boot.internal.EntityManagerFactoryBuilderImpl.build()Ljavax/persistence/EntityManagerFactory;+20
j  org.springframework.orm.jpa.vendor.SpringHibernateJpaPersistenceProvider.createContainerEntityManagerFactory(Ljavax/persistence/spi/PersistenceUnitInfo;Ljava/util/Map;)Ljavax/persistence/EntityManagerFactory;+55
j  org.springframework.orm.jpa.LocalContainerEntityManagerFactoryBean.createNativeEntityManagerFactory()Ljavax/persistence/EntityManagerFactory;+129
j  org.springframework.orm.jpa.AbstractEntityManagerFactoryBean.buildNativeEntityManagerFactory()Ljavax/persistence/EntityManagerFactory;+1
j  org.springframework.orm.jpa.AbstractEntityManagerFactoryBean.afterPropertiesSet()V+192
j  org.springframework.orm.jpa.LocalContainerEntityManagerFactoryBean.afterPropertiesSet()V+77
j  org.springframework.beans.factory.support.AbstractAutowireCapableBeanFactory.invokeInitMethods(Ljava/lang/String;Ljava/lang/Object;Lorg/springframework/beans/factory/support/RootBeanDefinition;)V+106
j  org.springframework.beans.factory.support.AbstractAutowireCapableBeanFactory.initializeBean(Ljava/lang/String;Ljava/lang/Object;Lorg/springframework/beans/factory/support/RootBeanDefinition;)Ljava/lang/Object;+59
j  org.springframework.beans.factory.support.AbstractAutowireCapableBeanFactory.doCreateBean(Ljava/lang/String;Lorg/springframework/beans/factory/support/RootBeanDefinition;[Ljava/lang/Object;)Ljava/lang/Object;+245
j  org.springframework.beans.factory.support.AbstractAutowireCapableBeanFactory.createBean(Ljava/lang/String;Lorg/springframework/beans/factory/support/RootBeanDefinition;[Ljava/lang/Object;)Ljava/lang/Object;+169
j  org.springframework.beans.factory.support.AbstractBeanFactory.lambda$doGetBean$0(Ljava/lang/String;Lorg/springframework/beans/factory/support/RootBeanDefinition;[Ljava/lang/Object;)Ljava/lang/Object;+4
j  org.springframework.beans.factory.support.AbstractBeanFactory$$Lambda$100.getObject()Ljava/lang/Object;+16
j  org.springframework.beans.factory.support.DefaultSingletonBeanRegistry.getSingleton(Ljava/lang/String;Lorg/springframework/beans/factory/ObjectFactory;)Ljava/lang/Object;+132
J 2307 C1 org.springframework.beans.factory.support.AbstractBeanFactory.doGetBean(Ljava/lang/String;Ljava/lang/Class;[Ljava/lang/Object;Z)Ljava/lang/Object; (833 bytes) @ 0x000000000302ab7c [0x00000000030289c0+0x21bc]
j  org.springframework.beans.factory.support.AbstractBeanFactory.getBean(Ljava/lang/String;)Ljava/lang/Object;+5
j  org.springframework.context.support.AbstractApplicationContext.getBean(Ljava/lang/String;)Ljava/lang/Object;+9
j  org.springframework.context.support.AbstractApplicationContext.finishBeanFactoryInitialization(Lorg/springframework/beans/factory/config/ConfigurableListableBeanFactory;)V+100
j  org.springframework.context.support.AbstractApplicationContext.refresh()V+54
j  org.springframework.boot.web.servlet.context.ServletWebServerApplicationContext.refresh()V+1
j  org.springframework.boot.SpringApplication.refresh(Lorg/springframework/context/ApplicationContext;)V+10
j  org.springframework.boot.SpringApplication.refreshContext(Lorg/springframework/context/ConfigurableApplicationContext;)V+2
j  org.springframework.boot.SpringApplication.run([Ljava/lang/String;)Lorg/springframework/context/ConfigurableApplicationContext;+118
j  org.springframework.boot.SpringApplication.run([Ljava/lang/Class;[Ljava/lang/String;)Lorg/springframework/context/ConfigurableApplicationContext;+9
j  org.springframework.boot.SpringApplication.run(Ljava/lang/Class;[Ljava/lang/String;)Lorg/springframework/context/ConfigurableApplicationContext;+9
j  com.vamsi.SecureApp.SecureAppApplication.main([Ljava/lang/String;)V+3
v  ~StubRoutines::call_stub

---------------  P R O C E S S  ---------------

Java Threads: ( => current thread )
  0x000000001f300000 JavaThread "HikariPool-1 connection adder" daemon [_thread_blocked, id=8856, stack(0x0000000024340000,0x0000000024440000)]
  0x000000001f2ff800 JavaThread "HikariPool-1 housekeeper" daemon [_thread_blocked, id=8760, stack(0x0000000023d60000,0x0000000023e60000)]
  0x000000001f2fe800 JavaThread "mysql-cj-abandoned-connection-cleanup" daemon [_thread_blocked, id=10116, stack(0x00000000227c0000,0x00000000228c0000)]
  0x000000001f2fe000 JavaThread "container-0" [_thread_blocked, id=6392, stack(0x000000001f750000,0x000000001f850000)]
  0x000000001f2fd000 JavaThread "Catalina-utility-2" [_thread_blocked, id=6816, stack(0x0000000022550000,0x0000000022650000)]
  0x000000001f2fc800 JavaThread "Catalina-utility-1" [_thread_blocked, id=6588, stack(0x00000000223e0000,0x00000000224e0000)]
  0x000000001d50c800 JavaThread "JMX server connection timeout 17" daemon [_thread_blocked, id=5520, stack(0x000000001fd30000,0x000000001fe30000)]
  0x000000001ec0f800 JavaThread "RMI Scheduler(0)" daemon [_thread_blocked, id=9736, stack(0x000000001c3f0000,0x000000001c4f0000)]
  0x000000001e5b1800 JavaThread "RMI TCP Connection(1)-10.158.120.50" daemon [_thread_in_native, id=10092, stack(0x000000001fa00000,0x000000001fb00000)]
  0x000000001cfb6800 JavaThread "RMI TCP Accept-0" daemon [_thread_in_native, id=9484, stack(0x000000001f850000,0x000000001f950000)]
  0x000000001b0cf000 JavaThread "Service Thread" daemon [_thread_blocked, id=5676, stack(0x000000001c2b0000,0x000000001c3b0000)]
  0x000000001b497800 JavaThread "C1 CompilerThread2" daemon [_thread_blocked, id=4608, stack(0x000000001c130000,0x000000001c230000)]
  0x000000001b496800 JavaThread "C2 CompilerThread1" daemon [_thread_in_native, id=7500, stack(0x000000001beb0000,0x000000001bfb0000)]
  0x000000001b496000 JavaThread "C2 CompilerThread0" daemon [_thread_blocked, id=7100, stack(0x000000001b240000,0x000000001b340000)]
  0x000000001b0c8000 JavaThread "Monitor Ctrl-Break" daemon [_thread_in_native, id=9352, stack(0x000000001bd80000,0x000000001be80000)]
  0x0000000019a0e800 JavaThread "Attach Listener" daemon [_thread_blocked, id=7576, stack(0x000000001b340000,0x000000001b440000)]
  0x0000000019a0e000 JavaThread "Signal Dispatcher" daemon [_thread_blocked, id=5432, stack(0x000000001b0e0000,0x000000001b1e0000)]
  0x00000000199f2000 JavaThread "Finalizer" daemon [_thread_blocked, id=9836, stack(0x000000001abd0000,0x000000001acd0000)]
  0x00000000199ab000 JavaThread "Reference Handler" daemon [_thread_blocked, id=10200, stack(0x000000001aad0000,0x000000001abd0000)]
=>0x0000000001cad000 JavaThread "main" [_thread_in_vm, id=7256, stack(0x0000000002430000,0x0000000002530000)]

Other Threads:
  0x00000000199a3800 VMThread [stack: 0x000000001a8f0000,0x000000001a9f0000] [id=4696]
  0x000000001b555000 WatcherThread [stack: 0x000000001bc80000,0x000000001bd80000] [id=5988]

VM state:not at safepoint (normal execution)

VM Mutex/Monitor currently owned by a thread: None

Heap:
 PSYoungGen      total 292352K, used 227622K [0x0000000780800000, 0x0000000796f00000, 0x00000007c0000000)
  eden space 278016K, 81% used [0x0000000780800000,0x000000078e649bd8,0x0000000791780000)
  from space 14336K, 0% used [0x0000000792500000,0x0000000792500000,0x0000000793300000)
  to   space 13824K, 0% used [0x0000000791780000,0x0000000791780000,0x0000000792500000)
 ParOldGen       total 93696K, used 13395K [0x0000000701800000, 0x0000000707380000, 0x0000000780800000)
  object space 93696K, 14% used [0x0000000701800000,0x0000000702514f88,0x0000000707380000)
 Metaspace       used 50690K, capacity 52404K, committed 52912K, reserved 1095680K
  class space    used 6943K, capacity 7281K, committed 7344K, reserved 1048576K

Card table byte_map: [0x0000000011bc0000,0x00000000121c0000] byte_map_base: 0x000000000e3b4000

Marking Bits: (ParMarkBitMap*) 0x000000005c0ad850
 Begin Bits: [0x0000000012ad0000, 0x0000000015a70000)
 End Bits:   [0x0000000015a70000, 0x0000000018a10000)

Polling page: 0x0000000000130000

CodeCache: size=245760Kb used=14057Kb max_used=14096Kb free=231703Kb
 bounds [0x0000000002800000, 0x00000000035d0000, 0x0000000011800000]
 total_blobs=4494 nmethods=3969 adapters=437
 compilation: enabled

Compilation events (10 events):
Event: 4.937 Thread 0x000000001b497800 nmethod 4042 0x00000000035a2c50 code [0x00000000035a2dc0, 0x00000000035a2fa8]
Event: 4.937 Thread 0x000000001b497800 4040       1       java.util.Calendar::getFirstDayOfWeek (5 bytes)
Event: 4.937 Thread 0x000000001b497800 nmethod 4040 0x00000000035a3290 code [0x00000000035a33e0, 0x00000000035a34f0]
Event: 4.937 Thread 0x000000001b497800 4041       1       java.util.Calendar::getMinimalDaysInFirstWeek (5 bytes)
Event: 4.937 Thread 0x000000001b497800 nmethod 4041 0x00000000035a3550 code [0x00000000035a36a0, 0x00000000035a37b0]
Event: 4.973 Thread 0x000000001b496000 nmethod 3921 0x00000000035adad0 code [0x00000000035ae6c0, 0x00000000035b79f8]
Event: 4.973 Thread 0x000000001b496000 3952       4       java.util.AbstractList$Itr::<init> (6 bytes)
Event: 4.973 Thread 0x000000001b496000 nmethod 3952 0x00000000035aabd0 code [0x00000000035aad00, 0x00000000035aad98]
Event: 4.973 Thread 0x000000001b496000 3993       4       java.util.ArrayList::<init> (61 bytes)
Event: 4.974 Thread 0x000000001b496000 nmethod 3993 0x00000000035ac250 code [0x00000000035ac3a0, 0x00000000035ac518]

GC Heap History (10 events):
Event: 1.366 GC heap before
{Heap before GC invocations=4 (full 1):
 PSYoungGen      total 106496K, used 8188K [0x0000000780800000, 0x000000078d800000, 0x00000007c0000000)
  eden space 98304K, 0% used [0x0000000780800000,0x0000000780800000,0x0000000786800000)
  from space 8192K, 99% used [0x0000000786800000,0x0000000786fff120,0x0000000787000000)
  to   space 8192K, 0% used [0x000000078d000000,0x000000078d000000,0x000000078d800000)
 ParOldGen       total 131072K, used 400K [0x0000000701800000, 0x0000000709800000, 0x0000000780800000)
  object space 131072K, 0% used [0x0000000701800000,0x00000007018642d0,0x0000000709800000)
 Metaspace       used 20665K, capacity 21136K, committed 21296K, reserved 1067008K
  class space    used 2682K, capacity 2843K, committed 2864K, reserved 1048576K
Event: 1.413 GC heap after
Heap after GC invocations=4 (full 1):
 PSYoungGen      total 106496K, used 0K [0x0000000780800000, 0x000000078d800000, 0x00000007c0000000)
  eden space 98304K, 0% used [0x0000000780800000,0x0000000780800000,0x0000000786800000)
  from space 8192K, 0% used [0x0000000786800000,0x0000000786800000,0x0000000787000000)
  to   space 8192K, 0% used [0x000000078d000000,0x000000078d000000,0x000000078d800000)
 ParOldGen       total 70144K, used 8229K [0x0000000701800000, 0x0000000705c80000, 0x0000000780800000)
  object space 70144K, 11% used [0x0000000701800000,0x0000000702009778,0x0000000705c80000)
 Metaspace       used 20663K, capacity 21130K, committed 21296K, reserved 1067008K
  class space    used 2682K, capacity 2842K, committed 2864K, reserved 1048576K
}
Event: 1.964 GC heap before
{Heap before GC invocations=5 (full 1):
 PSYoungGen      total 106496K, used 98304K [0x0000000780800000, 0x000000078d800000, 0x00000007c0000000)
  eden space 98304K, 100% used [0x0000000780800000,0x0000000786800000,0x0000000786800000)
  from space 8192K, 0% used [0x0000000786800000,0x0000000786800000,0x0000000787000000)
  to   space 8192K, 0% used [0x000000078d000000,0x000000078d000000,0x000000078d800000)
 ParOldGen       total 70144K, used 8229K [0x0000000701800000, 0x0000000705c80000, 0x0000000780800000)
  object space 70144K, 11% used [0x0000000701800000,0x0000000702009778,0x0000000705c80000)
 Metaspace       used 25586K, capacity 26290K, committed 26544K, reserved 1073152K
  class space    used 3281K, capacity 3464K, committed 3504K, reserved 1048576K
Event: 1.969 GC heap after
Heap after GC invocations=5 (full 1):
 PSYoungGen      total 174080K, used 5755K [0x0000000780800000, 0x000000078d600000, 0x00000007c0000000)
  eden space 167936K, 0% used [0x0000000780800000,0x0000000780800000,0x000000078ac00000)
  from space 6144K, 93% used [0x000000078d000000,0x000000078d59ec60,0x000000078d600000)
  to   space 8192K, 0% used [0x000000078c600000,0x000000078c600000,0x000000078ce00000)
 ParOldGen       total 70144K, used 8301K [0x0000000701800000, 0x0000000705c80000, 0x0000000780800000)
  object space 70144K, 11% used [0x0000000701800000,0x000000070201b788,0x0000000705c80000)
 Metaspace       used 25586K, capacity 26290K, committed 26544K, reserved 1073152K
  class space    used 3281K, capacity 3464K, committed 3504K, reserved 1048576K
}
Event: 3.161 GC heap before
{Heap before GC invocations=6 (full 1):
 PSYoungGen      total 174080K, used 173680K [0x0000000780800000, 0x000000078d600000, 0x00000007c0000000)
  eden space 167936K, 99% used [0x0000000780800000,0x000000078abfd428,0x000000078ac00000)
  from space 6144K, 93% used [0x000000078d000000,0x000000078d59ec60,0x000000078d600000)
  to   space 8192K, 0% used [0x000000078c600000,0x000000078c600000,0x000000078ce00000)
 ParOldGen       total 70144K, used 8301K [0x0000000701800000, 0x0000000705c80000, 0x0000000780800000)
  object space 70144K, 11% used [0x0000000701800000,0x000000070201b788,0x0000000705c80000)
 Metaspace       used 33824K, capacity 35300K, committed 35376K, reserved 1079296K
  class space    used 4364K, capacity 4641K, committed 4656K, reserved 1048576K
Event: 3.173 GC heap after
Heap after GC invocations=6 (full 1):
 PSYoungGen      total 202752K, used 8170K [0x0000000780800000, 0x0000000793300000, 0x00000007c0000000)
  eden space 194560K, 0% used [0x0000000780800000,0x0000000780800000,0x000000078c600000)
  from space 8192K, 99% used [0x000000078c600000,0x000000078cdfa8e8,0x000000078ce00000)
  to   space 14336K, 0% used [0x0000000792500000,0x0000000792500000,0x0000000793300000)
 ParOldGen       total 70144K, used 15008K [0x0000000701800000, 0x0000000705c80000, 0x0000000780800000)
  object space 70144K, 21% used [0x0000000701800000,0x00000007026a82a0,0x0000000705c80000)
 Metaspace       used 33824K, capacity 35300K, committed 35376K, reserved 1079296K
  class space    used 4364K, capacity 4641K, committed 4656K, reserved 1048576K
}
Event: 3.200 GC heap before
{Heap before GC invocations=7 (full 1):
 PSYoungGen      total 202752K, used 25686K [0x0000000780800000, 0x0000000793300000, 0x00000007c0000000)
  eden space 194560K, 9% used [0x0000000780800000,0x000000078191afe0,0x000000078c600000)
  from space 8192K, 99% used [0x000000078c600000,0x000000078cdfa8e8,0x000000078ce00000)
  to   space 14336K, 0% used [0x0000000792500000,0x0000000792500000,0x0000000793300000)
 ParOldGen       total 70144K, used 15008K [0x0000000701800000, 0x0000000705c80000, 0x0000000780800000)
  object space 70144K, 21% used [0x0000000701800000,0x00000007026a82a0,0x0000000705c80000)
 Metaspace       used 33843K, capacity 35364K, committed 35496K, reserved 1081344K
  class space    used 4364K, capacity 4641K, committed 4656K, reserved 1048576K
Event: 3.208 GC heap after
Heap after GC invocations=7 (full 1):
 PSYoungGen      total 292352K, used 7988K [0x0000000780800000, 0x0000000796f00000, 0x00000007c0000000)
  eden space 278016K, 0% used [0x0000000780800000,0x0000000780800000,0x0000000791780000)
  from space 14336K, 55% used [0x0000000792500000,0x0000000792ccd030,0x0000000793300000)
  to   space 13824K, 0% used [0x0000000791780000,0x0000000791780000,0x0000000792500000)
 ParOldGen       total 70144K, used 15008K [0x0000000701800000, 0x0000000705c80000, 0x0000000780800000)
  object space 70144K, 21% used [0x0000000701800000,0x00000007026a82a0,0x0000000705c80000)
 Metaspace       used 33843K, capacity 35364K, committed 35496K, reserved 1081344K
  class space    used 4364K, capacity 4641K, committed 4656K, reserved 1048576K
}
Event: 3.208 GC heap before
{Heap before GC invocations=8 (full 2):
 PSYoungGen      total 292352K, used 7988K [0x0000000780800000, 0x0000000796f00000, 0x00000007c0000000)
  eden space 278016K, 0% used [0x0000000780800000,0x0000000780800000,0x0000000791780000)
  from space 14336K, 55% used [0x0000000792500000,0x0000000792ccd030,0x0000000793300000)
  to   space 13824K, 0% used [0x0000000791780000,0x0000000791780000,0x0000000792500000)
 ParOldGen       total 70144K, used 15008K [0x0000000701800000, 0x0000000705c80000, 0x0000000780800000)
  object space 70144K, 21% used [0x0000000701800000,0x00000007026a82a0,0x0000000705c80000)
 Metaspace       used 33843K, capacity 35364K, committed 35496K, reserved 1081344K
  class space    used 4364K, capacity 4641K, committed 4656K, reserved 1048576K
Event: 3.251 GC heap after
Heap after GC invocations=8 (full 2):
 PSYoungGen      total 292352K, used 0K [0x0000000780800000, 0x0000000796f00000, 0x00000007c0000000)
  eden space 278016K, 0% used [0x0000000780800000,0x0000000780800000,0x0000000791780000)
  from space 14336K, 0% used [0x0000000792500000,0x0000000792500000,0x0000000793300000)
  to   space 13824K, 0% used [0x0000000791780000,0x0000000791780000,0x0000000792500000)
 ParOldGen       total 93696K, used 13395K [0x0000000701800000, 0x0000000707380000, 0x0000000780800000)
  object space 93696K, 14% used [0x0000000701800000,0x0000000702514f88,0x0000000707380000)
 Metaspace       used 33843K, capacity 35364K, committed 35496K, reserved 1081344K
  class space    used 4364K, capacity 4641K, committed 4656K, reserved 1048576K
}

Deoptimization events (10 events):
Event: 3.802 Thread 0x0000000001cad000 Uncommon trap: reason=class_check action=maybe_recompile pc=0x00000000033be098 method=java.lang.StringCoding$StringDecoder.decode([BII)[C @ 30
Event: 3.802 Thread 0x0000000001cad000 Uncommon trap: reason=class_check action=maybe_recompile pc=0x00000000033ad600 method=java.lang.StringCoding$StringDecoder.charsetName()Ljava/lang/String; @ 4
Event: 3.807 Thread 0x0000000001cad000 Uncommon trap: reason=unstable_if action=reinterpret pc=0x0000000002fee024 method=sun.misc.ASCIICaseInsensitiveComparator.compare(Ljava/lang/String;Ljava/lang/String;)I @ 83
Event: 3.953 Thread 0x000000001f300000 Uncommon trap: reason=class_check action=maybe_recompile pc=0x00000000033ad624 method=java.lang.StringCoding$StringDecoder.decode([BII)[C @ 30
Event: 3.953 Thread 0x000000001f300000 Uncommon trap: reason=class_check action=maybe_recompile pc=0x0000000003308894 method=java.lang.StringCoding$StringDecoder.decode([BII)[C @ 30
Event: 4.332 Thread 0x0000000001cad000 Uncommon trap: reason=unstable_if action=reinterpret pc=0x00000000030278d8 method=java.lang.String.valueOf(Ljava/lang/Object;)Ljava/lang/String; @ 1
Event: 4.414 Thread 0x0000000001cad000 Uncommon trap: reason=class_check action=maybe_recompile pc=0x000000000348fae4 method=java.util.TreeMap.getEntry(Ljava/lang/Object;)Ljava/util/TreeMap$Entry; @ 26
Event: 4.414 Thread 0x0000000001cad000 Uncommon trap: reason=class_check action=maybe_recompile pc=0x000000000348fae4 method=java.util.TreeMap.getEntry(Ljava/lang/Object;)Ljava/util/TreeMap$Entry; @ 26
Event: 4.534 Thread 0x0000000001cad000 Uncommon trap: reason=unstable_if action=reinterpret pc=0x0000000002ef3eb0 method=java.lang.reflect.Method.invoke(Ljava/lang/Object;[Ljava/lang/Object;)Ljava/lang/Object; @ 18
Event: 4.534 Thread 0x0000000001cad000 Uncommon trap: reason=predicate action=maybe_recompile pc=0x0000000002b9634c method=java.lang.String.regionMatches(ZILjava/lang/String;II)Z @ 63

Internal exceptions (10 events):
Event: 3.556 Thread 0x0000000001cad000 Exception <a 'java/lang/NullPointerException'> (0x0000000784028380) thrown at [C:\re\workspace\8-2-build-windows-amd64-cygwin\jdk8u141\9370\hotspot\src\share\vm\runtime\sharedRuntime.cpp, line 605]
Event: 3.556 Thread 0x0000000001cad000 Implicit null exception at 0x0000000002f7ac55 to 0x0000000002f7b1e8
Event: 3.556 Thread 0x0000000001cad000 Exception <a 'java/lang/NullPointerException'> (0x00000007840290c8) thrown at [C:\re\workspace\8-2-build-windows-amd64-cygwin\jdk8u141\9370\hotspot\src\share\vm\runtime\sharedRuntime.cpp, line 605]
Event: 3.556 Thread 0x0000000001cad000 Implicit null exception at 0x0000000002f7ac55 to 0x0000000002f7b1e8
Event: 3.556 Thread 0x0000000001cad000 Exception <a 'java/lang/NullPointerException'> (0x0000000784029e78) thrown at [C:\re\workspace\8-2-build-windows-amd64-cygwin\jdk8u141\9370\hotspot\src\share\vm\runtime\sharedRuntime.cpp, line 605]
Event: 3.556 Thread 0x0000000001cad000 Implicit null exception at 0x0000000002f7ac55 to 0x0000000002f7b1e8
Event: 3.556 Thread 0x0000000001cad000 Exception <a 'java/lang/NullPointerException'> (0x000000078402ac28) thrown at [C:\re\workspace\8-2-build-windows-amd64-cygwin\jdk8u141\9370\hotspot\src\share\vm\runtime\sharedRuntime.cpp, line 605]
Event: 3.556 Thread 0x0000000001cad000 Implicit null exception at 0x0000000002f7ac55 to 0x0000000002f7b1e8
Event: 3.556 Thread 0x0000000001cad000 Exception <a 'java/lang/NullPointerException'> (0x000000078402b9c0) thrown at [C:\re\workspace\8-2-build-windows-amd64-cygwin\jdk8u141\9370\hotspot\src\share\vm\runtime\sharedRuntime.cpp, line 605]
Event: 4.332 Thread 0x0000000001cad000 Implicit null exception at 0x00000000030274b1 to 0x00000000030278c1

Events (10 events):
Event: 4.934 loading class com/mysql/cj/protocol/a/result/TextBufferRow
Event: 4.934 loading class com/mysql/cj/protocol/a/result/TextBufferRow done
Event: 4.935 loading class com/mysql/cj/protocol/a/result/AbstractBufferRow
Event: 4.935 loading class com/mysql/cj/protocol/a/result/AbstractBufferRow done
Event: 4.935 Executing VM operation: Deoptimize
Event: 4.935 Executing VM operation: Deoptimize done
Event: 4.936 loading class org/hibernate/tool/schema/extract/internal/ColumnInformationImpl
Event: 4.936 loading class org/hibernate/tool/schema/extract/internal/ColumnInformationImpl done
Event: 4.937 loading class org/hibernate/boot/model/TruthValue
Event: 4.937 loading class org/hibernate/boot/model/TruthValue done


Dynamic libraries:
0x000000013f490000 - 0x000000013f4c7000 	C:\Program Files\Java\jdk1.8.0_141\bin\java.exe
0x0000000076f00000 - 0x00000000770aa000 	C:\windows\SYSTEM32\ntdll.dll
0x0000000076ce0000 - 0x0000000076dff000 	C:\windows\system32\kernel32.dll
0x000007fefcc10000 - 0x000007fefcc7a000 	C:\windows\system32\KERNELBASE.dll
0x000007fefeb00000 - 0x000007fefebdb000 	C:\windows\system32\ADVAPI32.dll
0x000007fefd3d0000 - 0x000007fefd46f000 	C:\windows\system32\msvcrt.dll
0x000007fefeae0000 - 0x000007fefeaff000 	C:\windows\SYSTEM32\sechost.dll
0x000007fefe880000 - 0x000007fefe9ad000 	C:\windows\system32\RPCRT4.dll
0x0000000076e00000 - 0x0000000076efa000 	C:\windows\system32\USER32.dll
0x000007fefd470000 - 0x000007fefd4d7000 	C:\windows\system32\GDI32.dll
0x000007fefead0000 - 0x000007fefeade000 	C:\windows\system32\LPK.dll
0x000007fefebe0000 - 0x000007fefecab000 	C:\windows\system32\USP10.dll
0x000007fefb500000 - 0x000007fefb6f4000 	C:\windows\WinSxS\amd64_microsoft.windows.common-controls_6595b64144ccf1df_6.0.7601.18837_none_fa3b1e3d17594757\COMCTL32.dll
0x000007fefe9b0000 - 0x000007fefea21000 	C:\windows\system32\SHLWAPI.dll
0x000007fefcfd0000 - 0x000007fefcffe000 	C:\windows\system32\IMM32.DLL
0x000007fefd000000 - 0x000007fefd109000 	C:\windows\system32\MSCTF.dll
0x000000005fe90000 - 0x000000005ff62000 	C:\Program Files\Java\jdk1.8.0_141\jre\bin\msvcr100.dll
0x000000005b890000 - 0x000000005c12d000 	C:\Program Files\Java\jdk1.8.0_141\jre\bin\server\jvm.dll
0x000007fef48e0000 - 0x000007fef48e9000 	C:\windows\system32\WSOCK32.dll
0x000007fefed60000 - 0x000007fefedad000 	C:\windows\system32\WS2_32.dll
0x000007fefed50000 - 0x000007fefed58000 	C:\windows\system32\NSI.dll
0x000007fef9f50000 - 0x000007fef9f8b000 	C:\windows\system32\WINMM.dll
0x000007fefbd10000 - 0x000007fefbd1c000 	C:\windows\system32\VERSION.dll
0x00000000770c0000 - 0x00000000770c7000 	C:\windows\system32\PSAPI.DLL
0x0000000067970000 - 0x000000006797f000 	C:\Program Files\Java\jdk1.8.0_141\jre\bin\verify.dll
0x00000000678a0000 - 0x00000000678c9000 	C:\Program Files\Java\jdk1.8.0_141\jre\bin\java.dll
0x0000000067b90000 - 0x0000000067bb3000 	C:\Program Files\Java\jdk1.8.0_141\jre\bin\instrument.dll
0x0000000067910000 - 0x0000000067926000 	C:\Program Files\Java\jdk1.8.0_141\jre\bin\zip.dll
0x000007fefdaf0000 - 0x000007fefe87b000 	C:\windows\system32\SHELL32.dll
0x000007fefd8f0000 - 0x000007fefdaec000 	C:\windows\system32\ole32.dll
0x000007fefcbf0000 - 0x000007fefcbff000 	C:\windows\system32\profapi.dll
0x000007fef9410000 - 0x000007fef942a000 	C:\Users\vmudamal\Downloads\ideaIC-2018.3.1\bin\breakgen64.dll
0x0000000067880000 - 0x000000006789a000 	C:\Program Files\Java\jdk1.8.0_141\jre\bin\net.dll
0x000007fefc380000 - 0x000007fefc3d5000 	C:\windows\system32\mswsock.dll
0x000007fefc370000 - 0x000007fefc377000 	C:\windows\System32\wship6.dll
0x0000000067a60000 - 0x0000000067a6d000 	C:\Program Files\Java\jdk1.8.0_141\jre\bin\management.dll
0x000007fef9ec0000 - 0x000007fef9ed5000 	C:\windows\system32\NLAapi.dll
0x000007fef8790000 - 0x000007fef87a5000 	C:\windows\system32\napinsp.dll
0x000007fef87b0000 - 0x000007fef87c9000 	C:\windows\system32\pnrpnsp.dll
0x000007fefc200000 - 0x000007fefc25b000 	C:\windows\system32\DNSAPI.dll
0x000007fef87e0000 - 0x000007fef87eb000 	C:\windows\System32\winrnr.dll
0x000007fefbde0000 - 0x000007fefbde7000 	C:\windows\System32\wshtcpip.dll
0x000007fef8e20000 - 0x000007fef8e47000 	C:\windows\system32\IPHLPAPI.DLL
0x000007fef8e10000 - 0x000007fef8e1b000 	C:\windows\system32\WINNSI.DLL
0x000007fef87d0000 - 0x000007fef87d8000 	C:\windows\system32\rasadhlp.dll
0x000007fef8c90000 - 0x000007fef8ce3000 	C:\windows\System32\fwpuclnt.dll
0x0000000067860000 - 0x0000000067871000 	C:\Program Files\Java\jdk1.8.0_141\jre\bin\nio.dll
0x000007fefc3e0000 - 0x000007fefc3f8000 	C:\windows\system32\CRYPTSP.dll
0x000007fefc0e0000 - 0x000007fefc127000 	C:\windows\system32\rsaenh.dll
0x000007fefce20000 - 0x000007fefce3e000 	C:\windows\system32\USERENV.dll
0x000007fefca50000 - 0x000007fefca5f000 	C:\windows\system32\CRYPTBASE.dll
0x000007fef8d40000 - 0x000007fef8d51000 	C:\windows\system32\dhcpcsvc6.DLL
0x000007fef8d20000 - 0x000007fef8d38000 	C:\windows\system32\dhcpcsvc.DLL
0x000007fef7430000 - 0x000007fef7555000 	C:\windows\system32\dbghelp.dll

VM Arguments:
jvm_args: -javaagent:C:\Users\vmudamal\Downloads\ideaIC-2018.3.1\lib\idea_rt.jar=57376:C:\Users\vmudamal\Downloads\ideaIC-2018.3.1\bin -Dfile.encoding=UTF-8 
java_command: com.vamsi.SecureApp.SecureAppApplication
java_class_path (initial): C:\Program Files\Java\jdk1.8.0_141\jre\lib\charsets.jar;C:\Program Files\Java\jdk1.8.0_141\jre\lib\deploy.jar;C:\Program Files\Java\jdk1.8.0_141\jre\lib\ext\access-bridge-64.jar;C:\Program Files\Java\jdk1.8.0_141\jre\lib\ext\cldrdata.jar;C:\Program Files\Java\jdk1.8.0_141\jre\lib\ext\dnsns.jar;C:\Program Files\Java\jdk1.8.0_141\jre\lib\ext\jaccess.jar;C:\Program Files\Java\jdk1.8.0_141\jre\lib\ext\jfxrt.jar;C:\Program Files\Java\jdk1.8.0_141\jre\lib\ext\localedata.jar;C:\Program Files\Java\jdk1.8.0_141\jre\lib\ext\nashorn.jar;C:\Program Files\Java\jdk1.8.0_141\jre\lib\ext\sunec.jar;C:\Program Files\Java\jdk1.8.0_141\jre\lib\ext\sunjce_provider.jar;C:\Program Files\Java\jdk1.8.0_141\jre\lib\ext\sunmscapi.jar;C:\Program Files\Java\jdk1.8.0_141\jre\lib\ext\sunpkcs11.jar;C:\Program Files\Java\jdk1.8.0_141\jre\lib\ext\zipfs.jar;C:\Program Files\Java\jdk1.8.0_141\jre\lib\javaws.jar;C:\Program Files\Java\jdk1.8.0_141\jre\lib\jce.jar;C:\Program Files\Java\jdk1.8.0_141\jre\lib\jfr.jar;C:\Program Files\Java\jdk1.8.0_141\jre\lib\jfxswt.jar;C:\Program Files\Java\jdk1.8.0_141\jre\lib\jsse.jar;C:\Program Files\Java\jdk1.8.0_141\jre\lib\management-agent.jar;C:\Program Files\Java\jdk1.8.0_141\jre\lib\plugin.jar;C:\Program Files\Java\jdk1.8.0_141\jre\lib\resources.jar;C:\Program Files\Java\jdk1.8.0_141\jre\lib\rt.jar;C:\Users\vmudamal\Documents\Oauth2\SecureApp\target\classes;C:\Users\vmudamal\.m2\repository\org\springframework\boot\spring-boot-starter-web\2.1.7.RELEASE\spring-boot-starter-web-2.1.7.RELEASE.jar;C:\Users\vmudamal\.m2\repository\org\springframework\boot\spring-boot-starter\2.1.7.RELEASE\spring-boot-starter-2.1.7.RELEASE.jar;C:\Users\vmudamal\.m2\repository\org\springframework\boot\spring-boot-starter-logging\2.1.7.RELEASE\spring-boot-starter-logging-2.1.7.RELEASE.jar;C:\Users\vmudamal\.m2\repository\ch\qos\logback\logback-classic\1.2.3\logback-classic-1.2.3.jar;C:\Users\vmudamal\.m2\repository\ch\qos\logback\logback-core\1.2.3\logback-core
Launcher Type: SUN_STANDARD

Environment Variables:
JAVA_HOME=C:\Program Files\Java\jdk1.8.0_141
PATH=C:\ProgramData\Oracle\Java\javapath;C:\windows\system32;C:\windows;C:\windows\System32\Wbem;C:\windows\System32\WindowsPowerShell\v1.0\;C:\Program Files\Git\cmd;C:\Program Files\dotnet\;C:\Program Files\Microsoft SQL Server\130\Tools\Binn\;C:\Program Files\Java\jdk1.8.0_141\jre\bin;C:\Program Files\Java\jdk1.8.0_141\jre\bin\server;C:\Users\vmudamal\AppData\Local\Continuum\anaconda3\;C:\Users\vmudamal\AppData\Local\Continuum\anaconda3\Scripts;C:\Users\vmudamal\Desktop\dist\resources;C:\Program Files\Java\jdk1.8.0_141\bin;C:\Users\vmudamal\AppData\Local\Programs\Microsoft VS Code\bin;C:\Users\vmudamal\Downloads\node-v10.13.0-win-x64;
USERNAME=vmudamal
OS=Windows_NT
PROCESSOR_IDENTIFIER=Intel64 Family 6 Model 58 Stepping 9, GenuineIntel



---------------  S Y S T E M  ---------------

OS: Windows 7 , 64 bit Build 7601 (6.1.7601.23915)

CPU:total 4 (initial active 4) (4 cores per cpu, 1 threads per core) family 6 model 58 stepping 9, cmov, cx8, fxsr, mmx, sse, sse2, sse3, ssse3, sse4.1, sse4.2, popcnt, avx, aes, clmul, erms, tsc, tscinvbit, tscinv

Memory: 4k page, physical 12482644k(1074944k free), swap 24963428k(12014804k free)

vm_info: Java HotSpot(TM) 64-Bit Server VM (25.141-b15) for windows-amd64 JRE (1.8.0_141-b15), built on Jul 12 2017 04:25:12 by "java_re" with MS VC++ 10.0 (VS2010)

time: Tue Sep 03 16:33:43 2019
elapsed time: 5 seconds (0d 0h 0m 5s)

